<?xml version="1.0" encoding="UTF-8"?>
<!-- Generated by org.testng.reporters.JUnitXMLReporter -->
<testsuite hostname="xiaosu-PC" ignored="0" name="Test1" tests="5" failures="0" timestamp="15 七月 2018 02:19:05 GMT" time="6.087" errors="0">
  <testcase name="f2" time="3.014" classname="com.xiaosu.testng.TestClass2"/>
  <testcase name="f1" time="3.002" classname="com.xiaosu.testng.TestClass1"/>
  <testcase name="f2" time="3.002" classname="com.xiaosu.testng.TestClass1"/>
  <testcase name="f2" time="3.007" classname="com.xiaosu.testng.TestClass3"/>
  <testcase name="f1" time="3.003" classname="com.xiaosu.testng.TestClass3"/>
</testsuite> <!-- Test1 -->
