<?xml version="1.0" encoding="UTF-8"?>
<!-- Generated by org.testng.reporters.JUnitXMLReporter -->
<testsuite hostname="xiaosu-PC" ignored="0" name="Test1" tests="8" failures="0" timestamp="14 七月 2018 15:29:44 GMT" time="6.1" errors="0">
  <testcase name="f1" time="3.018" classname="com.xiaosu.testng.TestClass4"/>
  <testcase name="f1" time="3.018" classname="com.xiaosu.testng.TestClass2"/>
  <testcase name="f1" time="3.02" classname="com.xiaosu.testng.TestClass3"/>
  <testcase name="f1" time="3.022" classname="com.xiaosu.testng.TestClass1"/>
  <testcase name="f2" time="3.002" classname="com.xiaosu.testng.TestClass1"/>
  <testcase name="f2" time="3.002" classname="com.xiaosu.testng.TestClass4"/>
  <testcase name="f2" time="3.013" classname="com.xiaosu.testng.TestClass2"/>
  <testcase name="f2" time="3.003" classname="com.xiaosu.testng.TestClass3"/>
</testsuite> <!-- Test1 -->
