<?xml version="1.0" encoding="UTF-8"?>
<testng-results skipped="0" failed="0" ignored="0" total="4" passed="4">
  <reporter-output>
  </reporter-output>
  <suite name="Suite" duration-ms="6087" started-at="2018-07-15T02:04:16Z" finished-at="2018-07-15T02:04:22Z">
    <groups>
      <group name="g2">
        <method signature="TestClass2.f1()[pri:0, instance:com.xiaosu.testng.TestClass2@1c7cbad]" name="f1" class="com.xiaosu.testng.TestClass2"/>
        <method signature="TestClass2.f2()[pri:0, instance:com.xiaosu.testng.TestClass2@1c7cbad]" name="f2" class="com.xiaosu.testng.TestClass2"/>
      </group> <!-- g2 -->
    </groups>
    <test name="Test1" duration-ms="6087" started-at="2018-07-15T02:04:16Z" finished-at="2018-07-15T02:04:22Z">
      <class name="com.xiaosu.testng.TestClass1">
        <test-method status="PASS" signature="f1()[pri:0, instance:com.xiaosu.testng.TestClass1@651fd0]" name="f1" duration-ms="3013" depends-on-groups="g2" started-at="2018-07-15T10:04:19Z" finished-at="2018-07-15T10:04:22Z">
          <reporter-output>
          </reporter-output>
        </test-method> <!-- f1 -->
        <test-method status="PASS" signature="f2()[pri:0, instance:com.xiaosu.testng.TestClass1@651fd0]" name="f2" duration-ms="3004" depends-on-groups="g2" started-at="2018-07-15T10:04:19Z" finished-at="2018-07-15T10:04:22Z">
          <reporter-output>
          </reporter-output>
        </test-method> <!-- f2 -->
      </class> <!-- com.xiaosu.testng.TestClass1 -->
      <class name="com.xiaosu.testng.TestClass2">
        <test-method status="PASS" signature="f1()[pri:0, instance:com.xiaosu.testng.TestClass2@1c7cbad]" name="f1" duration-ms="3022" started-at="2018-07-15T10:04:16Z" finished-at="2018-07-15T10:04:19Z">
          <reporter-output>
          </reporter-output>
        </test-method> <!-- f1 -->
        <test-method status="PASS" signature="f2()[pri:0, instance:com.xiaosu.testng.TestClass2@1c7cbad]" name="f2" duration-ms="3022" started-at="2018-07-15T10:04:16Z" finished-at="2018-07-15T10:04:19Z">
          <reporter-output>
          </reporter-output>
        </test-method> <!-- f2 -->
      </class> <!-- com.xiaosu.testng.TestClass2 -->
    </test> <!-- Test1 -->
  </suite> <!-- Suite -->
</testng-results>
