<?xml version="1.0" encoding="UTF-8"?>
<!-- Generated by org.testng.reporters.JUnitXMLReporter -->
<testsuite hostname="xiaosu-PC" ignored="0" name="Default test" tests="4" failures="0" timestamp="15 七月 2018 04:35:47 GMT" time="3.079" errors="0">
  <testcase name="f1" time="3.016" classname="com.xiaosu.testng.TestClass1"/>
  <testcase name="f1" time="3.018" classname="com.xiaosu.testng.TestClass1"/>
  <testcase name="f1" time="3.024" classname="com.xiaosu.testng.TestClass1"/>
  <testcase name="f1" time="3.027" classname="com.xiaosu.testng.TestClass1"/>
</testsuite> <!-- Default test -->
