<?xml version="1.0" encoding="UTF-8"?>
<testng-results skipped="0" failed="0" ignored="0" total="8" passed="8">
  <reporter-output>
  </reporter-output>
  <suite name="Suite" duration-ms="12103" started-at="2018-07-14T15:33:05Z" finished-at="2018-07-14T15:33:17Z">
    <groups>
    </groups>
    <test name="Test2" duration-ms="12103" started-at="2018-07-14T15:33:05Z" finished-at="2018-07-14T15:33:17Z">
      <class name="com.xiaosu.testng.TestClass3">
        <test-method status="PASS" signature="f1()[pri:0, instance:com.xiaosu.testng.TestClass3@1f3ddb1]" name="f1" duration-ms="3029" started-at="2018-07-14T23:33:05Z" finished-at="2018-07-14T23:33:08Z">
          <reporter-output>
          </reporter-output>
        </test-method> <!-- f1 -->
        <test-method status="PASS" signature="f2()[pri:0, instance:com.xiaosu.testng.TestClass3@1f3ddb1]" name="f2" duration-ms="3005" started-at="2018-07-14T23:33:08Z" finished-at="2018-07-14T23:33:11Z">
          <reporter-output>
          </reporter-output>
        </test-method> <!-- f2 -->
      </class> <!-- com.xiaosu.testng.TestClass3 -->
      <class name="com.xiaosu.testng.TestClass4">
        <test-method status="PASS" signature="f1()[pri:0, instance:com.xiaosu.testng.TestClass4@bd1b6a]" name="f1" duration-ms="3005" started-at="2018-07-14T23:33:11Z" finished-at="2018-07-14T23:33:14Z">
          <reporter-output>
          </reporter-output>
        </test-method> <!-- f1 -->
        <test-method status="PASS" signature="f2()[pri:0, instance:com.xiaosu.testng.TestClass4@bd1b6a]" name="f2" duration-ms="3001" started-at="2018-07-14T23:33:14Z" finished-at="2018-07-14T23:33:17Z">
          <reporter-output>
          </reporter-output>
        </test-method> <!-- f2 -->
      </class> <!-- com.xiaosu.testng.TestClass4 -->
    </test> <!-- Test2 -->
    <test name="Test1" duration-ms="12097" started-at="2018-07-14T15:33:05Z" finished-at="2018-07-14T15:33:17Z">
      <class name="com.xiaosu.testng.TestClass1">
        <test-method status="PASS" signature="f1()[pri:0, instance:com.xiaosu.testng.TestClass1@1081592]" name="f1" duration-ms="3029" started-at="2018-07-14T23:33:05Z" finished-at="2018-07-14T23:33:08Z">
          <reporter-output>
          </reporter-output>
        </test-method> <!-- f1 -->
        <test-method status="PASS" signature="f2()[pri:0, instance:com.xiaosu.testng.TestClass1@1081592]" name="f2" duration-ms="3004" started-at="2018-07-14T23:33:08Z" finished-at="2018-07-14T23:33:11Z">
          <reporter-output>
          </reporter-output>
        </test-method> <!-- f2 -->
      </class> <!-- com.xiaosu.testng.TestClass1 -->
      <class name="com.xiaosu.testng.TestClass2">
        <test-method status="PASS" signature="f1()[pri:0, instance:com.xiaosu.testng.TestClass2@ee68d8]" name="f1" duration-ms="3001" started-at="2018-07-14T23:33:11Z" finished-at="2018-07-14T23:33:14Z">
          <reporter-output>
          </reporter-output>
        </test-method> <!-- f1 -->
        <test-method status="PASS" signature="f2()[pri:0, instance:com.xiaosu.testng.TestClass2@ee68d8]" name="f2" duration-ms="3003" started-at="2018-07-14T23:33:14Z" finished-at="2018-07-14T23:33:17Z">
          <reporter-output>
          </reporter-output>
        </test-method> <!-- f2 -->
      </class> <!-- com.xiaosu.testng.TestClass2 -->
    </test> <!-- Test1 -->
  </suite> <!-- Suite -->
</testng-results>
