<?xml version="1.0" encoding="UTF-8"?>
<!-- Generated by org.testng.reporters.JUnitXMLReporter -->
<testsuite hostname="xiaosu-PC" ignored="0" name="Default test" tests="10" failures="0" timestamp="15 七月 2018 06:23:27 GMT" time="13.85" errors="0">
  <testcase name="f1" time="3.027" classname="com.xiaosu.testng.TestClass1"/>
  <testcase name="f1" time="3.03" classname="com.xiaosu.testng.TestClass1"/>
  <testcase name="f1" time="3.031" classname="com.xiaosu.testng.TestClass1"/>
  <testcase name="f1" time="3.036" classname="com.xiaosu.testng.TestClass1"/>
  <testcase name="f1" time="3.039" classname="com.xiaosu.testng.TestClass1"/>
  <testcase name="f1" time="3.04" classname="com.xiaosu.testng.TestClass1"/>
  <testcase name="f1" time="3.027" classname="com.xiaosu.testng.TestClass1"/>
  <testcase name="f1" time="3.053" classname="com.xiaosu.testng.TestClass1"/>
  <testcase name="f1" time="3.056" classname="com.xiaosu.testng.TestClass1"/>
  <testcase name="f1" time="3.067" classname="com.xiaosu.testng.TestClass1"/>
</testsuite> <!-- Default test -->
