<?xml version="1.0" encoding="UTF-8"?>
<!-- Generated by org.testng.reporters.JUnitXMLReporter -->
<testsuite hostname="xiaosu-PC" ignored="0" name="Test1" tests="4" failures="0" timestamp="15 七月 2018 02:04:22 GMT" time="6.087" errors="0">
  <testcase name="f2" time="3.022" classname="com.xiaosu.testng.TestClass2"/>
  <testcase name="f1" time="3.022" classname="com.xiaosu.testng.TestClass2"/>
  <testcase name="f1" time="3.013" classname="com.xiaosu.testng.TestClass1"/>
  <testcase name="f2" time="3.004" classname="com.xiaosu.testng.TestClass1"/>
</testsuite> <!-- Test1 -->
