<?xml version="1.0" encoding="UTF-8"?>
<testng-results skipped="0" failed="0" ignored="0" total="4" passed="4">
  <reporter-output>
  </reporter-output>
  <suite name="Default suite" duration-ms="3079" started-at="2018-07-15T04:35:44Z" finished-at="2018-07-15T04:35:47Z">
    <groups>
    </groups>
    <test name="Default test" duration-ms="3079" started-at="2018-07-15T04:35:44Z" finished-at="2018-07-15T04:35:47Z">
      <class name="com.xiaosu.testng.TestClass1">
        <test-method status="PASS" signature="f1(java.lang.String, java.lang.String, java.lang.String)[pri:0, instance:com.xiaosu.testng.TestClass1@1c7cbad]" name="f1" duration-ms="3024" started-at="2018-07-15T12:35:44Z" data-provider="data" finished-at="2018-07-15T12:35:47Z">
          <params>
            <param index="0">
              <value>
                <![CDATA[21]]>
              </value>
            </param>
            <param index="1">
              <value>
                <![CDATA[22]]>
              </value>
            </param>
            <param index="2">
              <value>
                <![CDATA[23]]>
              </value>
            </param>
          </params>
          <reporter-output>
          </reporter-output>
        </test-method> <!-- f1 -->
        <test-method status="PASS" signature="f1(java.lang.String, java.lang.String, java.lang.String)[pri:0, instance:com.xiaosu.testng.TestClass1@1c7cbad]" name="f1" duration-ms="3027" started-at="2018-07-15T12:35:44Z" data-provider="data" finished-at="2018-07-15T12:35:47Z">
          <params>
            <param index="0">
              <value>
                <![CDATA[11]]>
              </value>
            </param>
            <param index="1">
              <value>
                <![CDATA[12]]>
              </value>
            </param>
            <param index="2">
              <value>
                <![CDATA[13]]>
              </value>
            </param>
          </params>
          <reporter-output>
          </reporter-output>
        </test-method> <!-- f1 -->
        <test-method status="PASS" signature="f1(java.lang.String, java.lang.String, java.lang.String)[pri:0, instance:com.xiaosu.testng.TestClass1@1c7cbad]" name="f1" duration-ms="3018" started-at="2018-07-15T12:35:44Z" data-provider="data" finished-at="2018-07-15T12:35:47Z">
          <params>
            <param index="0">
              <value>
                <![CDATA[31]]>
              </value>
            </param>
            <param index="1">
              <value>
                <![CDATA[32]]>
              </value>
            </param>
            <param index="2">
              <value>
                <![CDATA[33]]>
              </value>
            </param>
          </params>
          <reporter-output>
          </reporter-output>
        </test-method> <!-- f1 -->
        <test-method status="PASS" signature="f1(java.lang.String, java.lang.String, java.lang.String)[pri:0, instance:com.xiaosu.testng.TestClass1@1c7cbad]" name="f1" duration-ms="3016" started-at="2018-07-15T12:35:44Z" data-provider="data" finished-at="2018-07-15T12:35:47Z">
          <params>
            <param index="0">
              <value>
                <![CDATA[1]]>
              </value>
            </param>
            <param index="1">
              <value>
                <![CDATA[2]]>
              </value>
            </param>
            <param index="2">
              <value>
                <![CDATA[3]]>
              </value>
            </param>
          </params>
          <reporter-output>
          </reporter-output>
        </test-method> <!-- f1 -->
      </class> <!-- com.xiaosu.testng.TestClass1 -->
    </test> <!-- Default test -->
  </suite> <!-- Default suite -->
</testng-results>
