<?xml version="1.0" encoding="UTF-8"?>
<!-- Generated by org.testng.reporters.JUnitXMLReporter -->
<testsuite hostname="xiaosu-PC" ignored="0" name="Test2" tests="4" failures="0" timestamp="14 七月 2018 15:33:17 GMT" time="12.103" errors="0">
  <testcase name="f1" time="3.029" classname="com.xiaosu.testng.TestClass3"/>
  <testcase name="f2" time="3.005" classname="com.xiaosu.testng.TestClass3"/>
  <testcase name="f1" time="3.005" classname="com.xiaosu.testng.TestClass4"/>
  <testcase name="f2" time="3.001" classname="com.xiaosu.testng.TestClass4"/>
</testsuite> <!-- Test2 -->
