<?xml version="1.0" encoding="UTF-8"?>
<!-- Generated by org.testng.reporters.JUnitXMLReporter -->
<testsuite hostname="xiaosu-PC" ignored="0" name="Test1" tests="1" failures="1" timestamp="15 七月 2018 04:18:13 GMT" time="0.033" errors="0">
  <testcase name="f1" time="0.0" classname="com.xiaosu.testng.TestClass1">
    <failure type="org.testng.TestNGException" message="
Method public void com.xiaosu.testng.TestClass1.f1(java.lang.String,java.lang.String,java.lang.String) throws java.lang.InterruptedException requires a @DataProvider named : data">
      <![CDATA[org.testng.TestNGException: 
Method public void com.xiaosu.testng.TestClass1.f1(java.lang.String,java.lang.String,java.lang.String) throws java.lang.InterruptedException requires a @DataProvider named : data
	at java.util.concurrent.FutureTask.run(FutureTask.java:266)
	at java.util.concurrent.ThreadPoolExecutor.runWorker(ThreadPoolExecutor.java:1149)
	at java.util.concurrent.ThreadPoolExecutor$Worker.run(ThreadPoolExecutor.java:624)
	at java.lang.Thread.run(Thread.java:748)
... Removed 13 stack frames]]>
    </failure>
  </testcase> <!-- f1 -->
</testsuite> <!-- Test1 -->
